\BOOKMARK [1][-]{section.1}{Embedding of Higher-Order Modal Logic with Intensional Types}{}% 1
\BOOKMARK [2][-]{subsection.1.1}{Declarations}{section.1}% 2
\BOOKMARK [2][-]{subsection.1.2}{Definition of logical operators in HOL}{section.1}% 3
\BOOKMARK [2][-]{subsection.1.3}{Definition of actualist quantifiers}{section.1}% 4
\BOOKMARK [2][-]{subsection.1.4}{Definition of modal operators}{section.1}% 5
\BOOKMARK [2][-]{subsection.1.5}{Definition of the ExtensionOf operator}{section.1}% 6
\BOOKMARK [2][-]{subsection.1.6}{Definition of Equality}{section.1}% 7
\BOOKMARK [2][-]{subsection.1.7}{Miscelaneous}{section.1}% 8
\BOOKMARK [2][-]{subsection.1.8}{Meta-logical predicates}{section.1}% 9
\BOOKMARK [2][-]{subsection.1.9}{Verifying the Embedding}{section.1}% 10
\BOOKMARK [2][-]{subsection.1.10}{Useful Definitions for Axiomatization of Further Logics}{section.1}% 11
\BOOKMARK [1][-]{section.2}{Examples in book}{}% 12
\BOOKMARK [2][-]{subsection.2.1}{Chapter 7 - Modal Logic - Syntax and Semantics}{section.2}% 13
\BOOKMARK [3][-]{subsubsection.2.1.1}{beta/eta-redex Considerations \(page 94\)}{subsection.2.1}% 14
\BOOKMARK [3][-]{subsubsection.2.1.2}{Exercises page 101}{subsection.2.1}% 15
\BOOKMARK [2][-]{subsection.2.2}{Chapter 9 - Miscellaneous Matters}{section.2}% 16
\BOOKMARK [3][-]{subsubsection.2.2.1}{\(1.1\) Equality}{subsection.2.2}% 17
\BOOKMARK [3][-]{subsubsection.2.2.2}{\(1.2\) Extensionality}{subsection.2.2}% 18
\BOOKMARK [3][-]{subsubsection.2.2.3}{\(2\) De re \040de dicto}{subsection.2.2}% 19
\BOOKMARK [3][-]{subsubsection.2.2.4}{\(3\) Rigidity}{subsection.2.2}% 20
\BOOKMARK [3][-]{subsubsection.2.2.5}{\(4\) Stability Conditions}{subsection.2.2}% 21
\BOOKMARK [1][-]{section.3}{Argument Part I - God's existence is possible}{}% 22
\BOOKMARK [2][-]{subsection.3.1}{General definitions}{section.3}% 23
\BOOKMARK [2][-]{subsection.3.2}{Axioms}{section.3}% 24
\BOOKMARK [2][-]{subsection.3.3}{Theorems}{section.3}% 25
\BOOKMARK [1][-]{section.4}{Argument Part II - God's existence is necessary if possible}{}% 26
\BOOKMARK [2][-]{subsection.4.1}{General definitions}{section.4}% 27
\BOOKMARK [2][-]{subsection.4.2}{Axioms from Part I}{section.4}% 28
\BOOKMARK [2][-]{subsection.4.3}{Useful results from Part I}{section.4}% 29
\BOOKMARK [2][-]{subsection.4.4}{Axioms for Part II}{section.4}% 30
\BOOKMARK [2][-]{subsection.4.5}{Theorems}{section.4}% 31
\BOOKMARK [2][-]{subsection.4.6}{Going Further}{section.4}% 32
\BOOKMARK [2][-]{subsection.4.7}{Objections and Criticism}{section.4}% 33
\BOOKMARK [1][-]{section.5}{Fitting's Proof \(pages 165-166\)}{}% 34
\BOOKMARK [2][-]{subsection.5.1}{Implicit extensionality assumptions in Isabelle/HOL}{section.5}% 35
\BOOKMARK [2][-]{subsection.5.2}{General Definitions}{section.5}% 36
\BOOKMARK [2][-]{subsection.5.3}{Part I - God's existence is possible}{section.5}% 37
\BOOKMARK [2][-]{subsection.5.4}{Part II - God's existence is necessary if possible}{section.5}% 38
\BOOKMARK [2][-]{subsection.5.5}{Conclusion - Necessary \(actualist\) existence of God \(Corollary 11.28\)}{section.5}% 39
\BOOKMARK [2][-]{subsection.5.6}{Modal Collapse}{section.5}% 40
